2015/04/27 10:11:15 [error] [exception.CDbException] exception 'CDbException' with message 'CDbConnection failed to open the DB connection: SQLSTATE[28000] [1045] Access denied for user 'root'@'localhost' (using password: NO)' in /var/www/html/yii/framework/db/CDbConnection.php:399
Stack trace:
#0 /var/www/html/yii/framework/db/CDbConnection.php(347): CDbConnection->open()
#1 /var/www/html/yii/framework/db/CDbConnection.php(325): CDbConnection->setActive(true)
#2 /var/www/html/yii/framework/base/CModule.php(394): CDbConnection->init()
#3 /var/www/html/yii/framework/base/CApplication.php(458): CModule->getComponent('db')
#4 /var/www/html/yii/framework/db/ar/CActiveRecord.php(637): CApplication->getDb()
#5 /var/www/html/yii/framework/db/ar/CActiveRecord.php(670): CActiveRecord->getDbConnection()
#6 /var/www/html/yii/framework/db/ar/CActiveRecord.php(1474): CActiveRecord->getCommandBuilder()
#7 /var/www/html/sonaray_responsive_new/protected/controllers/HomeController.php(12): CActiveRecord->findAll(Object(CDbCriteria))
#8 /var/www/html/yii/framework/web/actions/CInlineAction.php(49): HomeController->actionIndex()
#9 /var/www/html/yii/framework/web/CController.php(308): CInlineAction->runWithParams(Array)
#10 /var/www/html/yii/framework/web/CController.php(286): CController->runAction(Object(CInlineAction))
#11 /var/www/html/yii/framework/web/CController.php(265): CController->runActionWithFilters(Object(CInlineAction), Array)
#12 /var/www/html/yii/framework/web/CWebApplication.php(282): CController->run('index')
#13 /var/www/html/yii/framework/web/CWebApplication.php(141): CWebApplication->runController('home/index')
#14 /var/www/html/yii/framework/base/CApplication.php(184): CWebApplication->processRequest()
#15 /var/www/html/sonaray_responsive_new/index.php(13): CApplication->run()
#16 {main}
REQUEST_URI=/sonaray_responsive_new/en/home/index
HTTP_REFERER=http://thefactoryhka.loc.com/sonaray_responsive_new/
---
2015/04/27 10:13:09 [error] [exception.CHttpException.404] exception 'CHttpException' with message 'Unable to resolve the request "js/css3-mediaquery.js".' in /var/www/html/yii/framework/web/CWebApplication.php:286
Stack trace:
#0 /var/www/html/yii/framework/web/CWebApplication.php(141): CWebApplication->runController('js/css3-mediaqu...')
#1 /var/www/html/yii/framework/base/CApplication.php(184): CWebApplication->processRequest()
#2 /var/www/html/sonaray_responsive_new/index.php(13): CApplication->run()
#3 {main}
REQUEST_URI=/sonaray_responsive_new/js/css3-mediaquery.js
HTTP_REFERER=http://thefactoryhka.loc.com/sonaray_responsive_new/en/home/index
---
2015/04/27 10:44:47 [error] [exception.CHttpException.404] exception 'CHttpException' with message 'Unable to resolve the request "js/css3-mediaquery.js".' in /var/www/html/yii/framework/web/CWebApplication.php:286
Stack trace:
#0 /var/www/html/yii/framework/web/CWebApplication.php(141): CWebApplication->runController('js/css3-mediaqu...')
#1 /var/www/html/yii/framework/base/CApplication.php(184): CWebApplication->processRequest()
#2 /var/www/html/sonaray_responsive_new/index.php(13): CApplication->run()
#3 {main}
REQUEST_URI=/sonaray_responsive_new/js/css3-mediaquery.js
HTTP_REFERER=http://thefactoryhka.loc.com/sonaray_responsive_new/en/home/index
---
2015/04/27 10:48:37 [error] [exception.CHttpException.404] exception 'CHttpException' with message 'Unable to resolve the request "js/css3-mediaquery.js".' in /var/www/html/yii/framework/web/CWebApplication.php:286
Stack trace:
#0 /var/www/html/yii/framework/web/CWebApplication.php(141): CWebApplication->runController('js/css3-mediaqu...')
#1 /var/www/html/yii/framework/base/CApplication.php(184): CWebApplication->processRequest()
#2 /var/www/html/sonaray_responsive_new/index.php(13): CApplication->run()
#3 {main}
REQUEST_URI=/sonaray_responsive_new/js/css3-mediaquery.js
HTTP_REFERER=http://thefactoryhka.loc.com/sonaray_responsive_new/en/home/index
---
2015/04/27 10:50:25 [error] [exception.CHttpException.404] exception 'CHttpException' with message 'Unable to resolve the request "js/css3-mediaquery.js".' in /var/www/html/yii/framework/web/CWebApplication.php:286
Stack trace:
#0 /var/www/html/yii/framework/web/CWebApplication.php(141): CWebApplication->runController('js/css3-mediaqu...')
#1 /var/www/html/yii/framework/base/CApplication.php(184): CWebApplication->processRequest()
#2 /var/www/html/sonaray_responsive_new/index.php(13): CApplication->run()
#3 {main}
REQUEST_URI=/sonaray_responsive_new/js/css3-mediaquery.js
HTTP_REFERER=http://thefactoryhka.loc.com/sonaray_responsive_new/en/home/index
---
2015/04/27 10:56:25 [error] [exception.CHttpException.404] exception 'CHttpException' with message 'Unable to resolve the request "js/css3-mediaquery.js".' in /var/www/html/yii/framework/web/CWebApplication.php:286
Stack trace:
#0 /var/www/html/yii/framework/web/CWebApplication.php(141): CWebApplication->runController('js/css3-mediaqu...')
#1 /var/www/html/yii/framework/base/CApplication.php(184): CWebApplication->processRequest()
#2 /var/www/html/sonaray_responsive_new/index.php(13): CApplication->run()
#3 {main}
REQUEST_URI=/sonaray_responsive_new/js/css3-mediaquery.js
HTTP_REFERER=http://thefactoryhka.loc.com/sonaray_responsive_new/en/home/index
---
2015/04/27 11:00:03 [error] [exception.CHttpException.404] exception 'CHttpException' with message 'Unable to resolve the request "js/css3-mediaquery.js".' in /var/www/html/yii/framework/web/CWebApplication.php:286
Stack trace:
#0 /var/www/html/yii/framework/web/CWebApplication.php(141): CWebApplication->runController('js/css3-mediaqu...')
#1 /var/www/html/yii/framework/base/CApplication.php(184): CWebApplication->processRequest()
#2 /var/www/html/sonaray_responsive_new/index.php(13): CApplication->run()
#3 {main}
REQUEST_URI=/sonaray_responsive_new/js/css3-mediaquery.js
HTTP_REFERER=http://thefactoryhka.loc.com/sonaray_responsive_new/en/home/index
---
2015/04/27 11:02:26 [error] [exception.CHttpException.404] exception 'CHttpException' with message 'Unable to resolve the request "js/css3-mediaquery.js".' in /var/www/html/yii/framework/web/CWebApplication.php:286
Stack trace:
#0 /var/www/html/yii/framework/web/CWebApplication.php(141): CWebApplication->runController('js/css3-mediaqu...')
#1 /var/www/html/yii/framework/base/CApplication.php(184): CWebApplication->processRequest()
#2 /var/www/html/sonaray_responsive_new/index.php(13): CApplication->run()
#3 {main}
REQUEST_URI=/sonaray_responsive_new/js/css3-mediaquery.js
HTTP_REFERER=http://thefactoryhka.loc.com/sonaray_responsive_new/en/home/index
---
2015/04/27 11:07:44 [error] [exception.CHttpException.404] exception 'CHttpException' with message 'Unable to resolve the request "js/css3-mediaquery.js".' in /var/www/html/yii/framework/web/CWebApplication.php:286
Stack trace:
#0 /var/www/html/yii/framework/web/CWebApplication.php(141): CWebApplication->runController('js/css3-mediaqu...')
#1 /var/www/html/yii/framework/base/CApplication.php(184): CWebApplication->processRequest()
#2 /var/www/html/sonaray_responsive_new/index.php(13): CApplication->run()
#3 {main}
REQUEST_URI=/sonaray_responsive_new/js/css3-mediaquery.js
HTTP_REFERER=http://thefactoryhka.loc.com/sonaray_responsive_new/en/home/index
---
2015/04/27 11:23:02 [error] [exception.CHttpException.404] exception 'CHttpException' with message 'Unable to resolve the request "js/css3-mediaquery.js".' in /var/www/html/yii/framework/web/CWebApplication.php:286
Stack trace:
#0 /var/www/html/yii/framework/web/CWebApplication.php(141): CWebApplication->runController('js/css3-mediaqu...')
#1 /var/www/html/yii/framework/base/CApplication.php(184): CWebApplication->processRequest()
#2 /var/www/html/sonaray_responsive_new/index.php(13): CApplication->run()
#3 {main}
REQUEST_URI=/sonaray_responsive_new/js/css3-mediaquery.js
HTTP_REFERER=http://thefactoryhka.loc.com/sonaray_responsive_new/en/home/index
---
2015/04/27 11:23:07 [error] [exception.CHttpException.404] exception 'CHttpException' with message 'Unable to resolve the request "en/home/products/index".' in /var/www/html/yii/framework/web/CWebApplication.php:286
Stack trace:
#0 /var/www/html/yii/framework/web/CWebApplication.php(141): CWebApplication->runController('en/home/product...')
#1 /var/www/html/yii/framework/base/CApplication.php(184): CWebApplication->processRequest()
#2 /var/www/html/sonaray_responsive_new/index.php(13): CApplication->run()
#3 {main}
REQUEST_URI=/sonaray_responsive_new/en/home/products/index
HTTP_REFERER=http://thefactoryhka.loc.com/sonaray_responsive_new/en/home/index
---
2015/04/27 11:23:07 [error] [exception.CHttpException.404] exception 'CHttpException' with message 'Unable to resolve the request "js/css3-mediaquery.js".' in /var/www/html/yii/framework/web/CWebApplication.php:286
Stack trace:
#0 /var/www/html/yii/framework/web/CWebApplication.php(141): CWebApplication->runController('js/css3-mediaqu...')
#1 /var/www/html/yii/framework/base/CApplication.php(184): CWebApplication->processRequest()
#2 /var/www/html/sonaray_responsive_new/index.php(13): CApplication->run()
#3 {main}
REQUEST_URI=/sonaray_responsive_new/js/css3-mediaquery.js
HTTP_REFERER=http://thefactoryhka.loc.com/sonaray_responsive_new/en/home/products/index
---
2015/04/27 11:23:07 [error] [exception.CHttpException.404] exception 'CHttpException' with message 'Unable to resolve the request "en/home/products/images/favicon.ico".' in /var/www/html/yii/framework/web/CWebApplication.php:286
Stack trace:
#0 /var/www/html/yii/framework/web/CWebApplication.php(141): CWebApplication->runController('en/home/product...')
#1 /var/www/html/yii/framework/base/CApplication.php(184): CWebApplication->processRequest()
#2 /var/www/html/sonaray_responsive_new/index.php(13): CApplication->run()
#3 {main}
REQUEST_URI=/sonaray_responsive_new/en/home/products/images/favicon.ico
HTTP_REFERER=http://thefactoryhka.loc.com/sonaray_responsive_new/en/home/products/index
---
2015/04/27 11:23:12 [error] [exception.CHttpException.404] exception 'CHttpException' with message 'Unable to resolve the request "en/home/products/index".' in /var/www/html/yii/framework/web/CWebApplication.php:286
Stack trace:
#0 /var/www/html/yii/framework/web/CWebApplication.php(141): CWebApplication->runController('en/home/product...')
#1 /var/www/html/yii/framework/base/CApplication.php(184): CWebApplication->processRequest()
#2 /var/www/html/sonaray_responsive_new/index.php(13): CApplication->run()
#3 {main}
REQUEST_URI=/sonaray_responsive_new/en/home/products/index
HTTP_REFERER=http://thefactoryhka.loc.com/sonaray_responsive_new/en/home/index
---
2015/04/27 11:23:12 [error] [exception.CHttpException.404] exception 'CHttpException' with message 'Unable to resolve the request "js/css3-mediaquery.js".' in /var/www/html/yii/framework/web/CWebApplication.php:286
Stack trace:
#0 /var/www/html/yii/framework/web/CWebApplication.php(141): CWebApplication->runController('js/css3-mediaqu...')
#1 /var/www/html/yii/framework/base/CApplication.php(184): CWebApplication->processRequest()
#2 /var/www/html/sonaray_responsive_new/index.php(13): CApplication->run()
#3 {main}
REQUEST_URI=/sonaray_responsive_new/js/css3-mediaquery.js
HTTP_REFERER=http://thefactoryhka.loc.com/sonaray_responsive_new/en/home/products/index
---
2015/04/27 11:23:17 [error] [exception.CHttpException.404] exception 'CHttpException' with message 'Unable to resolve the request "en/home/logistic/index".' in /var/www/html/yii/framework/web/CWebApplication.php:286
Stack trace:
#0 /var/www/html/yii/framework/web/CWebApplication.php(141): CWebApplication->runController('en/home/logisti...')
#1 /var/www/html/yii/framework/base/CApplication.php(184): CWebApplication->processRequest()
#2 /var/www/html/sonaray_responsive_new/index.php(13): CApplication->run()
#3 {main}
REQUEST_URI=/sonaray_responsive_new/en/home/logistic/index
HTTP_REFERER=http://thefactoryhka.loc.com/sonaray_responsive_new/en/home/index
---
2015/04/27 11:23:17 [error] [exception.CHttpException.404] exception 'CHttpException' with message 'Unable to resolve the request "js/css3-mediaquery.js".' in /var/www/html/yii/framework/web/CWebApplication.php:286
Stack trace:
#0 /var/www/html/yii/framework/web/CWebApplication.php(141): CWebApplication->runController('js/css3-mediaqu...')
#1 /var/www/html/yii/framework/base/CApplication.php(184): CWebApplication->processRequest()
#2 /var/www/html/sonaray_responsive_new/index.php(13): CApplication->run()
#3 {main}
REQUEST_URI=/sonaray_responsive_new/js/css3-mediaquery.js
HTTP_REFERER=http://thefactoryhka.loc.com/sonaray_responsive_new/en/home/logistic/index
---
2015/04/27 11:23:17 [error] [exception.CHttpException.404] exception 'CHttpException' with message 'Unable to resolve the request "en/home/logistic/images/favicon.ico".' in /var/www/html/yii/framework/web/CWebApplication.php:286
Stack trace:
#0 /var/www/html/yii/framework/web/CWebApplication.php(141): CWebApplication->runController('en/home/logisti...')
#1 /var/www/html/yii/framework/base/CApplication.php(184): CWebApplication->processRequest()
#2 /var/www/html/sonaray_responsive_new/index.php(13): CApplication->run()
#3 {main}
REQUEST_URI=/sonaray_responsive_new/en/home/logistic/images/favicon.ico
HTTP_REFERER=http://thefactoryhka.loc.com/sonaray_responsive_new/en/home/logistic/index
---
2015/04/27 11:30:10 [error] [exception.CHttpException.404] exception 'CHttpException' with message 'Unable to resolve the request "js/css3-mediaquery.js".' in /var/www/html/yii/framework/web/CWebApplication.php:286
Stack trace:
#0 /var/www/html/yii/framework/web/CWebApplication.php(141): CWebApplication->runController('js/css3-mediaqu...')
#1 /var/www/html/yii/framework/base/CApplication.php(184): CWebApplication->processRequest()
#2 /var/www/html/sonaray_responsive_new/index.php(13): CApplication->run()
#3 {main}
REQUEST_URI=/sonaray_responsive_new/js/css3-mediaquery.js
HTTP_REFERER=http://thefactoryhka.loc.com/sonaray_responsive_new/en/home/index
---
